
4월 03, 2024 21:14:37.27 NEW SESSION
4월 03, 2024 21:14:37.27 INFO: Created TensorFlow Lite XNNPACK delegate for CPU.
4월 03, 2024 21:16:10.31 INFO: Created TensorFlow Lite XNNPACK delegate for CPU.

4월 04, 2024 20:19:52.77 NEW SESSION
4월 04, 2024 20:19:52.77 INFO: Created TensorFlow Lite XNNPACK delegate for CPU.
4월 04, 2024 20:41:51.20 INFO: Created TensorFlow Lite XNNPACK delegate for CPU.
4월 04, 2024 21:21:44.71 INFO: Created TensorFlow Lite XNNPACK delegate for CPU.

4월 08, 2024 20:32:55.39 NEW SESSION
4월 08, 2024 20:32:55.39 INFO: Created TensorFlow Lite XNNPACK delegate for CPU.
4월 08, 2024 20:42:01.09 [61064:30924:0408/204201.091:ERROR:sharing_service.cc(250)] Device un-registration failed with fatal error
4월 08, 2024 20:42:02.33 [61064:30924:0408/204202.333:ERROR:device_event_log_impl.cc(195)] [20:42:02.333] Bluetooth: bluetooth_adapter_winrt.cc:1057 Getting Default Adapter failed.
4월 08, 2024 20:42:32.09 [61064:30924:0408/204232.096:ERROR:interface_endpoint_client.cc(707)] Message 1 rejected by interface blink.mojom.WidgetHost
4월 08, 2024 20:43:30.84 [61064:30924:0408/204330.843:ERROR:interface_endpoint_client.cc(707)] Message 1 rejected by interface blink.mojom.WidgetHost
4월 08, 2024 21:16:23.41 [61064:30924:0408/211623.412:ERROR:interface_endpoint_client.cc(707)] Message 1 rejected by interface blink.mojom.WidgetHost
4월 08, 2024 21:30:59.19 [61064:30924:0408/213059.197:ERROR:interface_endpoint_client.cc(707)] Message 1 rejected by interface blink.mojom.WidgetHost
4월 08, 2024 21:33:39.23 [61064:30924:0408/213339.232:ERROR:interface_endpoint_client.cc(707)] Message 1 rejected by interface blink.mojom.WidgetHost

4월 09, 2024 21:11:57.40 NEW SESSION
4월 09, 2024 21:11:57.40 INFO: Created TensorFlow Lite XNNPACK delegate for CPU.

4월 11, 2024 16:33:37.94 NEW SESSION
4월 11, 2024 16:33:37.94 INFO: Created TensorFlow Lite XNNPACK delegate for CPU.
